# JRE version: Java(TM) SE Runtime Environment (8.0_251-b08) (build 1.8.0_251-b08)
# Java VM: Java HotSpot(TM) 64-Bit Server VM (25.251-b08 mixed mode windows-amd64 compressed oops)
Heap:
 PSYoungGen      total 193536K, used 176228K [0x00000000eb600000, 0x00000000f8080000, 0x0000000100000000)
  eden space 183808K, 95% used [0x00000000eb600000,0x00000000f62190a8,0x00000000f6980000)
  from space 9728K, 0% used [0x00000000f7580000,0x00000000f7580000,0x00000000f7f00000)
  to   space 11776K, 0% used [0x00000000f6980000,0x00000000f6980000,0x00000000f7500000)
 ParOldGen       total 41472K, used 15923K [0x00000000c2200000, 0x00000000c4a80000, 0x00000000eb600000)
  object space 41472K, 38% used [0x00000000c2200000,0x00000000c318cd98,0x00000000c4a80000)
 Metaspace       used 55174K, capacity 58254K, committed 58456K, reserved 1099776K
  class space    used 7501K, capacity 8011K, committed 8064K, reserved 1048576K
GC Heap History (10 events):
Event: 26.020 GC heap before
{Heap before GC invocations=8 (full 0):
 PSYoungGen      total 69120K, used 36194K [0x00000000eb600000, 0x00000000f3e00000, 0x0000000100000000)
  eden space 61952K, 49% used [0x00000000eb600000,0x00000000ed436418,0x00000000ef280000)
  from space 7168K, 73% used [0x00000000ef280000,0x00000000ef7a24c8,0x00000000ef980000)
  to   space 7680K, 0% used [0x00000000f3680000,0x00000000f3680000,0x00000000f3e00000)
 ParOldGen       total 42496K, used 6428K [0x00000000c2200000, 0x00000000c4b80000, 0x00000000eb600000)
  object space 42496K, 15% used [0x00000000c2200000,0x00000000c28470b8,0x00000000c4b80000)
 Metaspace       used 20263K, capacity 21144K, committed 21248K, reserved 1067008K
  class space    used 2527K, capacity 2737K, committed 2816K, reserved 1048576K
Event: 26.042 GC heap after
Heap after GC invocations=8 (full 0):
 PSYoungGen      total 131584K, used 5131K [0x00000000eb600000, 0x00000000f3e00000, 0x0000000100000000)
  eden space 123904K, 0% used [0x00000000eb600000,0x00000000eb600000,0x00000000f2f00000)
  from space 7680K, 66% used [0x00000000f3680000,0x00000000f3b82cc0,0x00000000f3e00000)
  to   space 7680K, 0% used [0x00000000f2f00000,0x00000000f2f00000,0x00000000f3680000)
 ParOldGen       total 42496K, used 6524K [0x00000000c2200000, 0x00000000c4b80000, 0x00000000eb600000)
  object space 42496K, 15% used [0x00000000c2200000,0x00000000c285f0b8,0x00000000c4b80000)
 Metaspace       used 20263K, capacity 21144K, committed 21248K, reserved 1067008K
  class space    used 2527K, capacity 2737K, committed 2816K, reserved 1048576K
}
Event: 26.042 GC heap before
{Heap before GC invocations=9 (full 1):
 PSYoungGen      total 131584K, used 5131K [0x00000000eb600000, 0x00000000f3e00000, 0x0000000100000000)
  eden space 123904K, 0% used [0x00000000eb600000,0x00000000eb600000,0x00000000f2f00000)
  from space 7680K, 66% used [0x00000000f3680000,0x00000000f3b82cc0,0x00000000f3e00000)
  to   space 7680K, 0% used [0x00000000f2f00000,0x00000000f2f00000,0x00000000f3680000)
 ParOldGen       total 42496K, used 6524K [0x00000000c2200000, 0x00000000c4b80000, 0x00000000eb600000)
  object space 42496K, 15% used [0x00000000c2200000,0x00000000c285f0b8,0x00000000c4b80000)
 Metaspace       used 20263K, capacity 21144K, committed 21248K, reserved 1067008K
  class space    used 2527K, capacity 2737K, committed 2816K, reserved 1048576K
Event: 26.163 GC heap after
Heap after GC invocations=9 (full 1):
 PSYoungGen      total 131584K, used 0K [0x00000000eb600000, 0x00000000f3e00000, 0x0000000100000000)
  eden space 123904K, 0% used [0x00000000eb600000,0x00000000eb600000,0x00000000f2f00000)
  from space 7680K, 0% used [0x00000000f3680000,0x00000000f3680000,0x00000000f3e00000)
  to   space 7680K, 0% used [0x00000000f2f00000,0x00000000f2f00000,0x00000000f3680000)
 ParOldGen       total 27648K, used 6660K [0x00000000c2200000, 0x00000000c3d00000, 0x00000000eb600000)
  object space 27648K, 24% used [0x00000000c2200000,0x00000000c2881040,0x00000000c3d00000)
 Metaspace       used 20261K, capacity 21138K, committed 21248K, reserved 1067008K
  class space    used 2527K, capacity 2736K, committed 2816K, reserved 1048576K
}
Event: 52.020 GC heap before
{Heap before GC invocations=10 (full 1):
 PSYoungGen      total 131584K, used 123897K [0x00000000eb600000, 0x00000000f3e00000, 0x0000000100000000)
  eden space 123904K, 99% used [0x00000000eb600000,0x00000000f2efe790,0x00000000f2f00000)
  from space 7680K, 0% used [0x00000000f3680000,0x00000000f3680000,0x00000000f3e00000)
  to   space 7680K, 0% used [0x00000000f2f00000,0x00000000f2f00000,0x00000000f3680000)
 ParOldGen       total 27648K, used 6660K [0x00000000c2200000, 0x00000000c3d00000, 0x00000000eb600000)
  object space 27648K, 24% used [0x00000000c2200000,0x00000000c2881040,0x00000000c3d00000)
 Metaspace       used 27544K, capacity 29198K, committed 29440K, reserved 1075200K
  class space    used 3535K, capacity 3819K, committed 3840K, reserved 1048576K
Event: 52.076 GC heap after
Heap after GC invocations=10 (full 1):
 PSYoungGen      total 131584K, used 7666K [0x00000000eb600000, 0x00000000f7f00000, 0x0000000100000000)
  eden space 123904K, 0% used [0x00000000eb600000,0x00000000eb600000,0x00000000f2f00000)
  from space 7680K, 99% used [0x00000000f2f00000,0x00000000f367ca00,0x00000000f3680000)
  to   space 9728K, 0% used [0x00000000f7580000,0x00000000f7580000,0x00000000f7f00000)
 ParOldGen       total 27648K, used 8752K [0x00000000c2200000, 0x00000000c3d00000, 0x00000000eb600000)
  object space 27648K, 31% used [0x00000000c2200000,0x00000000c2a8c260,0x00000000c3d00000)
 Metaspace       used 27544K, capacity 29198K, committed 29440K, reserved 1075200K
  class space    used 3535K, capacity 3819K, committed 3840K, reserved 1048576K
}
Event: 69.912 GC heap before
{Heap before GC invocations=11 (full 1):
 PSYoungGen      total 131584K, used 101522K [0x00000000eb600000, 0x00000000f7f00000, 0x0000000100000000)
  eden space 123904K, 75% used [0x00000000eb600000,0x00000000f11a8100,0x00000000f2f00000)
  from space 7680K, 99% used [0x00000000f2f00000,0x00000000f367ca00,0x00000000f3680000)
  to   space 9728K, 0% used [0x00000000f7580000,0x00000000f7580000,0x00000000f7f00000)
 ParOldGen       total 27648K, used 8752K [0x00000000c2200000, 0x00000000c3d00000, 0x00000000eb600000)
  object space 27648K, 31% used [0x00000000c2200000,0x00000000c2a8c260,0x00000000c3d00000)
 Metaspace       used 33428K, capacity 35364K, committed 35416K, reserved 1079296K
  class space    used 4376K, capacity 4729K, committed 4736K, reserved 1048576K
Event: 69.978 GC heap after
Heap after GC invocations=11 (full 1):
 PSYoungGen      total 193536K, used 9713K [0x00000000eb600000, 0x00000000f8080000, 0x0000000100000000)
  eden space 183808K, 0% used [0x00000000eb600000,0x00000000eb600000,0x00000000f6980000)
  from space 9728K, 99% used [0x00000000f7580000,0x00000000f7efc780,0x00000000f7f00000)
  to   space 11776K, 0% used [0x00000000f6980000,0x00000000f6980000,0x00000000f7500000)
 ParOldGen       total 27648K, used 10152K [0x00000000c2200000, 0x00000000c3d00000, 0x00000000eb600000)
  object space 27648K, 36% used [0x00000000c2200000,0x00000000c2bea2c8,0x00000000c3d00000)
 Metaspace       used 33428K, capacity 35364K, committed 35416K, reserved 1079296K
  class space    used 4376K, capacity 4729K, committed 4736K, reserved 1048576K
}
Event: 69.978 GC heap before
{Heap before GC invocations=12 (full 2):
 PSYoungGen      total 193536K, used 9713K [0x00000000eb600000, 0x00000000f8080000, 0x0000000100000000)
  eden space 183808K, 0% used [0x00000000eb600000,0x00000000eb600000,0x00000000f6980000)
  from space 9728K, 99% used [0x00000000f7580000,0x00000000f7efc780,0x00000000f7f00000)
  to   space 11776K, 0% used [0x00000000f6980000,0x00000000f6980000,0x00000000f7500000)
 ParOldGen       total 27648K, used 10152K [0x00000000c2200000, 0x00000000c3d00000, 0x00000000eb600000)
  object space 27648K, 36% used [0x00000000c2200000,0x00000000c2bea2c8,0x00000000c3d00000)
 Metaspace       used 33428K, capacity 35364K, committed 35416K, reserved 1079296K
  class space    used 4376K, capacity 4729K, committed 4736K, reserved 1048576K
Event: 70.181 GC heap after
Heap after GC invocations=12 (full 2):
 PSYoungGen      total 193536K, used 0K [0x00000000eb600000, 0x00000000f8080000, 0x0000000100000000)
  eden space 183808K, 0% used [0x00000000eb600000,0x00000000eb600000,0x00000000f6980000)
  from space 9728K, 0% used [0x00000000f7580000,0x00000000f7580000,0x00000000f7f00000)
  to   space 11776K, 0% used [0x00000000f6980000,0x00000000f6980000,0x00000000f7500000)
 ParOldGen       total 41472K, used 15923K [0x00000000c2200000, 0x00000000c4a80000, 0x00000000eb600000)
  object space 41472K, 38% used [0x00000000c2200000,0x00000000c318cd98,0x00000000c4a80000)
 Metaspace       used 33428K, capacity 35364K, committed 35416K, reserved 1079296K
  class space    used 4376K, capacity 4729K, committed 4736K, reserved 1048576K
}

