# JRE version: Java(TM) SE Runtime Environment (8.0_251-b08) (build 1.8.0_251-b08)
# Java VM: Java HotSpot(TM) 64-Bit Server VM (25.251-b08 mixed mode windows-amd64 compressed oops)
Heap:
 PSYoungGen      total 192000K, used 11291K [0x00000000eb600000, 0x00000000f7e00000, 0x0000000100000000)
  eden space 182272K, 6% used [0x00000000eb600000,0x00000000ec106e50,0x00000000f6800000)
  from space 9728K, 0% used [0x00000000f7400000,0x00000000f7400000,0x00000000f7d80000)
  to   space 11264K, 0% used [0x00000000f6800000,0x00000000f6800000,0x00000000f7300000)
 ParOldGen       total 44032K, used 15903K [0x00000000c2200000, 0x00000000c4d00000, 0x00000000eb600000)
  object space 44032K, 36% used [0x00000000c2200000,0x00000000c3187d70,0x00000000c4d00000)
 Metaspace       used 34329K, capacity 36370K, committed 36696K, reserved 1083392K
  class space    used 4521K, capacity 4878K, committed 4992K, reserved 1048576K
GC Heap History (10 events):
Event: 19.432 GC heap before
{Heap before GC invocations=8 (full 0):
 PSYoungGen      total 69120K, used 36077K [0x00000000eb600000, 0x00000000f3e00000, 0x0000000100000000)
  eden space 61952K, 49% used [0x00000000eb600000,0x00000000ed40e768,0x00000000ef280000)
  from space 7168K, 73% used [0x00000000ef280000,0x00000000ef7ace68,0x00000000ef980000)
  to   space 7680K, 0% used [0x00000000f3680000,0x00000000f3680000,0x00000000f3e00000)
 ParOldGen       total 42496K, used 6245K [0x00000000c2200000, 0x00000000c4b80000, 0x00000000eb600000)
  object space 42496K, 14% used [0x00000000c2200000,0x00000000c2819440,0x00000000c4b80000)
 Metaspace       used 20264K, capacity 21144K, committed 21248K, reserved 1067008K
  class space    used 2524K, capacity 2737K, committed 2816K, reserved 1048576K
Event: 19.456 GC heap after
Heap after GC invocations=8 (full 0):
 PSYoungGen      total 131584K, used 5068K [0x00000000eb600000, 0x00000000f3e00000, 0x0000000100000000)
  eden space 123904K, 0% used [0x00000000eb600000,0x00000000eb600000,0x00000000f2f00000)
  from space 7680K, 65% used [0x00000000f3680000,0x00000000f3b73120,0x00000000f3e00000)
  to   space 7680K, 0% used [0x00000000f2f00000,0x00000000f2f00000,0x00000000f3680000)
 ParOldGen       total 42496K, used 6365K [0x00000000c2200000, 0x00000000c4b80000, 0x00000000eb600000)
  object space 42496K, 14% used [0x00000000c2200000,0x00000000c2837440,0x00000000c4b80000)
 Metaspace       used 20264K, capacity 21144K, committed 21248K, reserved 1067008K
  class space    used 2524K, capacity 2737K, committed 2816K, reserved 1048576K
}
Event: 19.457 GC heap before
{Heap before GC invocations=9 (full 1):
 PSYoungGen      total 131584K, used 5068K [0x00000000eb600000, 0x00000000f3e00000, 0x0000000100000000)
  eden space 123904K, 0% used [0x00000000eb600000,0x00000000eb600000,0x00000000f2f00000)
  from space 7680K, 65% used [0x00000000f3680000,0x00000000f3b73120,0x00000000f3e00000)
  to   space 7680K, 0% used [0x00000000f2f00000,0x00000000f2f00000,0x00000000f3680000)
 ParOldGen       total 42496K, used 6365K [0x00000000c2200000, 0x00000000c4b80000, 0x00000000eb600000)
  object space 42496K, 14% used [0x00000000c2200000,0x00000000c2837440,0x00000000c4b80000)
 Metaspace       used 20264K, capacity 21144K, committed 21248K, reserved 1067008K
  class space    used 2524K, capacity 2737K, committed 2816K, reserved 1048576K
Event: 19.587 GC heap after
Heap after GC invocations=9 (full 1):
 PSYoungGen      total 131584K, used 0K [0x00000000eb600000, 0x00000000f3e00000, 0x0000000100000000)
  eden space 123904K, 0% used [0x00000000eb600000,0x00000000eb600000,0x00000000f2f00000)
  from space 7680K, 0% used [0x00000000f3680000,0x00000000f3680000,0x00000000f3e00000)
  to   space 7680K, 0% used [0x00000000f2f00000,0x00000000f2f00000,0x00000000f3680000)
 ParOldGen       total 27648K, used 6633K [0x00000000c2200000, 0x00000000c3d00000, 0x00000000eb600000)
  object space 27648K, 23% used [0x00000000c2200000,0x00000000c287a4f0,0x00000000c3d00000)
 Metaspace       used 20262K, capacity 21138K, committed 21248K, reserved 1067008K
  class space    used 2523K, capacity 2736K, committed 2816K, reserved 1048576K
}
Event: 39.739 GC heap before
{Heap before GC invocations=10 (full 1):
 PSYoungGen      total 131584K, used 123899K [0x00000000eb600000, 0x00000000f3e00000, 0x0000000100000000)
  eden space 123904K, 99% used [0x00000000eb600000,0x00000000f2efef60,0x00000000f2f00000)
  from space 7680K, 0% used [0x00000000f3680000,0x00000000f3680000,0x00000000f3e00000)
  to   space 7680K, 0% used [0x00000000f2f00000,0x00000000f2f00000,0x00000000f3680000)
 ParOldGen       total 27648K, used 6633K [0x00000000c2200000, 0x00000000c3d00000, 0x00000000eb600000)
  object space 27648K, 23% used [0x00000000c2200000,0x00000000c287a4f0,0x00000000c3d00000)
 Metaspace       used 27535K, capacity 29262K, committed 29440K, reserved 1075200K
  class space    used 3530K, capacity 3819K, committed 3840K, reserved 1048576K
Event: 39.795 GC heap after
Heap after GC invocations=10 (full 1):
 PSYoungGen      total 131584K, used 7662K [0x00000000eb600000, 0x00000000f7d80000, 0x0000000100000000)
  eden space 123904K, 0% used [0x00000000eb600000,0x00000000eb600000,0x00000000f2f00000)
  from space 7680K, 99% used [0x00000000f2f00000,0x00000000f367bbc0,0x00000000f3680000)
  to   space 9728K, 0% used [0x00000000f7400000,0x00000000f7400000,0x00000000f7d80000)
 ParOldGen       total 27648K, used 8710K [0x00000000c2200000, 0x00000000c3d00000, 0x00000000eb600000)
  object space 27648K, 31% used [0x00000000c2200000,0x00000000c2a81838,0x00000000c3d00000)
 Metaspace       used 27535K, capacity 29262K, committed 29440K, reserved 1075200K
  class space    used 3530K, capacity 3819K, committed 3840K, reserved 1048576K
}
Event: 57.002 GC heap before
{Heap before GC invocations=11 (full 1):
 PSYoungGen      total 131584K, used 99818K [0x00000000eb600000, 0x00000000f7d80000, 0x0000000100000000)
  eden space 123904K, 74% used [0x00000000eb600000,0x00000000f0ffefb8,0x00000000f2f00000)
  from space 7680K, 99% used [0x00000000f2f00000,0x00000000f367bbc0,0x00000000f3680000)
  to   space 9728K, 0% used [0x00000000f7400000,0x00000000f7400000,0x00000000f7d80000)
 ParOldGen       total 27648K, used 8710K [0x00000000c2200000, 0x00000000c3d00000, 0x00000000eb600000)
  object space 27648K, 31% used [0x00000000c2200000,0x00000000c2a81838,0x00000000c3d00000)
 Metaspace       used 33424K, capacity 35334K, committed 35416K, reserved 1079296K
  class space    used 4368K, capacity 4698K, committed 4736K, reserved 1048576K
Event: 57.087 GC heap after
Heap after GC invocations=11 (full 1):
 PSYoungGen      total 192000K, used 9704K [0x00000000eb600000, 0x00000000f7e00000, 0x0000000100000000)
  eden space 182272K, 0% used [0x00000000eb600000,0x00000000eb600000,0x00000000f6800000)
  from space 9728K, 99% used [0x00000000f7400000,0x00000000f7d7a018,0x00000000f7d80000)
  to   space 11264K, 0% used [0x00000000f6800000,0x00000000f6800000,0x00000000f7300000)
 ParOldGen       total 27648K, used 10115K [0x00000000c2200000, 0x00000000c3d00000, 0x00000000eb600000)
  object space 27648K, 36% used [0x00000000c2200000,0x00000000c2be0dd8,0x00000000c3d00000)
 Metaspace       used 33424K, capacity 35334K, committed 35416K, reserved 1079296K
  class space    used 4368K, capacity 4698K, committed 4736K, reserved 1048576K
}
Event: 57.087 GC heap before
{Heap before GC invocations=12 (full 2):
 PSYoungGen      total 192000K, used 9704K [0x00000000eb600000, 0x00000000f7e00000, 0x0000000100000000)
  eden space 182272K, 0% used [0x00000000eb600000,0x00000000eb600000,0x00000000f6800000)
  from space 9728K, 99% used [0x00000000f7400000,0x00000000f7d7a018,0x00000000f7d80000)
  to   space 11264K, 0% used [0x00000000f6800000,0x00000000f6800000,0x00000000f7300000)
 ParOldGen       total 27648K, used 10115K [0x00000000c2200000, 0x00000000c3d00000, 0x00000000eb600000)
  object space 27648K, 36% used [0x00000000c2200000,0x00000000c2be0dd8,0x00000000c3d00000)
 Metaspace       used 33424K, capacity 35334K, committed 35416K, reserved 1079296K
  class space    used 4368K, capacity 4698K, committed 4736K, reserved 1048576K
Event: 57.760 GC heap after
Heap after GC invocations=12 (full 2):
 PSYoungGen      total 192000K, used 0K [0x00000000eb600000, 0x00000000f7e00000, 0x0000000100000000)
  eden space 182272K, 0% used [0x00000000eb600000,0x00000000eb600000,0x00000000f6800000)
  from space 9728K, 0% used [0x00000000f7400000,0x00000000f7400000,0x00000000f7d80000)
  to   space 11264K, 0% used [0x00000000f6800000,0x00000000f6800000,0x00000000f7300000)
 ParOldGen       total 44032K, used 15903K [0x00000000c2200000, 0x00000000c4d00000, 0x00000000eb600000)
  object space 44032K, 36% used [0x00000000c2200000,0x00000000c3187d70,0x00000000c4d00000)
 Metaspace       used 33424K, capacity 35334K, committed 35416K, reserved 1079296K
  class space    used 4368K, capacity 4698K, committed 4736K, reserved 1048576K
}

